<?xml version="1.0" encoding="UTF-8"?>
<!-- Generated by org.testng.reporters.JUnitReportReporter -->
<testsuite hostname="PRAGYAN-DESKTOP" failures="0" tests="1" name="selproject.seltest" time="5.270" errors="0" timestamp="2022-02-21T19:37:12 CST" skipped="0">
  <testcase classname="selproject.seltest" name="testwork" time="5.270"/>
  <system-out/>
</testsuite> <!-- selproject.seltest -->
